  Cleaning HenrikGram_TestEditor and UnrealHeaderTool binaries...
  Using bundled DotNet SDK
  Log file: C:\Users\Henrik\AppData\Local\UnrealBuildTool\Log.txt
  Using 'git status' to determine working set for adaptive non-unity build (C:\Users\Henrik\Documents\GitHub\HenrikGram_InternshipTest_KongOrange).
  Creating makefile for HenrikGram_TestEditor (no existing makefile)
  Parsing headers for HenrikGram_TestEditor
    Running UnrealHeaderTool "C:\Users\Henrik\Documents\GitHub\HenrikGram_InternshipTest_KongOrange\HenrikGram_Test\HenrikGram_Test.uproject" "C:\Users\Henrik\Documents\GitHub\HenrikGram_InternshipTest_KongOrange\HenrikGram_Test\Intermediate\Build\Win64\HenrikGram_TestEditor\Development\HenrikGram_TestEditor.uhtmanifest" -LogCmds="loginit warning, logexit warning, logdatabase error" -Unattended -WarningsAsErrors -abslog="C:\Users\Henrik\AppData\Local\UnrealBuildTool\Log_UHT.txt" -installed
  Reflection code generated for HenrikGram_TestEditor in 18,5618815 seconds
  Building HenrikGram_TestEditor...
  Using Visual Studio 2022 14.33.31630 toolchain (C:\Program Files\Microsoft Visual Studio\2022\Community\VC\Tools\MSVC\14.33.31629) and Windows 10.0.18362.0 SDK (C:\Program Files (x86)\Windows Kits\10).
  [Adaptive Build] Excluded from HenrikGram_Test unity file: MonsterActor.cpp, PlayerCharacter.cpp
  Determining max actions to execute in parallel (8 physical cores, 16 logical cores)
    Executing up to 8 processes, one per physical core
  Building 19 actions with 8 processes...
  [1/19] Resource Default.rc2
  [2/19] Compile SharedPCH.Engine.ShadowErrors.cpp
  [3/19] Compile HenrikGram_Test.cpp
  [4/19] Compile HenrikGram_Test.init.gen.cpp
  [5/19] Compile CollisionTest.gen.cpp
  [6/19] Compile PlayerCharacterTest.gen.cpp
  [7/19] Compile HenrikGram_TestGameModeBase.gen.cpp
  [8/19] Compile PlayerPawn.cpp
C:\Users\Henrik\Documents\GitHub\HenrikGram_InternshipTest_KongOrange\HenrikGram_Test\Source\HenrikGram_Test\PlayerPawn.cpp(24): warning C4996: 'UObject::CreateAbstractDefaultSubobject': CreateAbstract did not work as intended and has been deprecated in favor of CreateDefaultObject Please update your code to the new API before upgrading to the next release, otherwise your project will no longer compile.
  [9/19] Compile PlayerCharacter.gen.cpp
  [10/19] Compile PlayerCharacter.cpp
  [11/19] Compile MonsterActor.cpp
C:\Users\Henrik\Documents\GitHub\HenrikGram_InternshipTest_KongOrange\HenrikGram_Test\Intermediate\Build\Win64\UnrealEditor\Inc\HenrikGram_Test\MonsterActor.generated.h(84): error C2143: syntax error: missing ';' before ''template<''
C:\Users\Henrik\Documents\GitHub\HenrikGram_InternshipTest_KongOrange\HenrikGram_Test\Intermediate\Build\Win64\UnrealEditor\Inc\HenrikGram_Test\MonsterActor.generated.h(84): error C4430: missing type specifier - int assumed. Note: C++ does not support default-int
  [12/19] Compile PlayerCharacterTest.cpp
  [13/19] Compile CollisionTest.cpp
  [14/19] Compile HenrikGram_TestGameModeBase.cpp
  [15/19] Compile PlayerPawn.gen.cpp
  [16/19] Compile MonsterActor.gen.cpp
C:\Program Files\Microsoft Visual Studio\2022\Community\MSBuild\Microsoft\VC\v170\Microsoft.MakeFile.Targets(50,5): error MSB3073: The command "D:\UE_5.0\Engine\Build\BatchFiles\Rebuild.bat HenrikGram_TestEditor Win64 Development -Project="C:\Users\Henrik\Documents\GitHub\HenrikGram_InternshipTest_KongOrange\HenrikGram_Test\HenrikGram_Test.uproject" -WaitMutex -FromMsBuild" exited with code -1.
